Arguments: 
  C:\Program Files\nodejs\node.exe C:\Program Files\nodejs\node_modules\yarn\bin\yarn.js start

PATH: 
  C:\Program Files (x86)\Common Files\Oracle\Java\javapath;C:\ProgramData\Oracle\Java\javapath;C:\Program Files\Intel\iCLS Client\;C:\WINDOWS\system32;C:\WINDOWS;C:\WINDOWS\System32\Wbem;C:\WINDOWS\System32\WindowsPowerShell\v1.0\;C:\Program Files\Java\jdk1.8.0_91;C:\Program Files (x86)\OpenVPN\bin;C:\WINDOWS\System32\OpenSSH\;C:\Program Files\SourceGear\Common\DiffMerge\;C:\Program Files\Git\cmd;C:\Users\Atul_Merchia\AppData\Roaming\nvm;C:\Program Files\nodejs;C:\Program Files\Java\jdk1.8.0_91\bin;C:\Program Files\Microsoft SQL Server\Client SDK\ODBC\110\Tools\Binn\;C:\Program Files (x86)\Microsoft SQL Server\120\Tools\Binn\;C:\Program Files\Microsoft SQL Server\120\Tools\Binn\;C:\Program Files\Microsoft SQL Server\120\DTS\Binn\;C:\Program Files (x86)\Windows Kits\8.1\Windows Performance Toolkit\;C:\Program Files\dotnet\;C:\Program Files\Microsoft SQL Server\130\Tools\Binn\;C:\Program Files (x86)\Intel\Intel(R) Management Engine Components\DAL;C:\Program Files\Intel\Intel(R) Management Engine Components\DAL;C:\Program Files\PuTTY\;C:\Program Files\Intel\WiFi\bin\;C:\Program Files\Common Files\Intel\WirelessCommon\;C:\Program Files\MATLAB\R2019a\bin;C:\Users\Atul_Merchia\AppData\Local\Programs\Python\Python37-32\Scripts\;C:\Users\Atul_Merchia\AppData\Local\Programs\Python\Python37-32\;C:\Users\Atul_Merchia\AppData\Local\Microsoft\WindowsApps;C:\Program Files\Java\jdk1.8.0_91;C:\Users\Atul_Merchia\AppData\Local\Programs\Python\Python36-32;C:\Users\Atul_Merchia\AppData\Roaming\npm;C:\Users\Atul_Merchia\flutter\bin;C:\MinGW\msys\1.0\bin;C:\Users\Atul_Merchia\AppData\Local\Programs\Microsoft VS Code\bin;C:\Users\Atul_Merchia\AppData\Roaming\nvm;C:\Program Files\nodejs;C:\Program Files\Java\jdk1.8.0_91\bin;C:\Users\Atul_Merchia\AppData\Local\Android\Sdk\platforms;C:\Users\Atul_Merchia\AppData\Local\atom\bin;C:\Users\Atul_Merchia\AppData\Local\Android\Sdk\platform-tools;C:\MinGW\libexec\gcc\mingw32\MinGW-Version;C:\MinGW\bin;;C:\Users\Atul_Merchia\AppData\Local\Microsoft\WindowsApps;C:\Program Files\JetBrains\IntelliJ IDEA Community Edition 2019.2\bin;

Yarn version: 
  1.10.1

Node version: 
  8.10.0

Platform: 
  win32 x64

Trace: 
  SyntaxError: C:\Users\Atul_Merchia\Desktop\hackgtServer\package.json: Unexpected token } in JSON at position 204
      at JSON.parse (<anonymous>)
      at C:\Users\Atul_Merchia\AppData\Roaming\nvm\v8.10.0\node_modules\yarn\lib\cli.js:1136:59
      at Generator.next (<anonymous>)
      at step (C:\Users\Atul_Merchia\AppData\Roaming\nvm\v8.10.0\node_modules\yarn\lib\cli.js:98:30)
      at C:\Users\Atul_Merchia\AppData\Roaming\nvm\v8.10.0\node_modules\yarn\lib\cli.js:109:13
      at <anonymous>

npm manifest: 
  {
    "name": "hackgtserver",
    "version": "1.0.0",
    "description": "web server to act as intermediary between hackgtApp and NCR API",
    "main": "server.js",
    "scripts": {
      "start": "node index.js",
    },
    "author": "Atul Merchia",
    "license": "ISC",
    "dependencies": {
      "express": "^4.17.1"
    }
  }

yarn manifest: 
  No manifest

Lockfile: 
  No lockfile
